Tue Mar  5 14:51:28 CST 2019
discarding /home/06117/lakuduva/anaconda3/envs/nsf/bin from PATH
prepending /home/06117/lakuduva/anaconda3/envs/nsf/bin to PATH
[nltk_data] Downloading package stopwords to
[nltk_data]     /home/06117/lakuduva/nltk_data...
[nltk_data]   Package stopwords is already up-to-date!
Testing with harvey
Extracting data...
Data already extracted.
Time taken to run: 0.19243383407592773 seconds
DOC NAME: harvey

Length of Data: 555621
Extracting data...
Data already extracted.
Time taken to run: 0.0856790542602539 seconds
DOC NAME: noise

Length of Data: 92999
Extracting data...
Data already extracted.
Time taken to run: 0.11945366859436035 seconds
DOC NAME: sandy

Length of Data: 425423
Time taken to run: 0.07968592643737793 seconds
Time taken to run: 0.04444456100463867 seconds
Time taken to run: 0.04254770278930664 seconds
~~~~~~~~~~~~~~~~~~~~~~~~~COMPARING~~~~~~~~~~~~~~~~~~~~~~~~~~~~~
WEIGHTS [[0.]]
WEIGHTS [[0.]]
WEIGHTS [[0.]]
Time taken to run: 0.04999804496765137 seconds
Time taken to run: 0.039299964904785156 seconds
Time taken to run: 0.036448001861572266 seconds
~~~~~~~~~~~~~~~~~~~~~~~~~COMPARING~~~~~~~~~~~~~~~~~~~~~~~~~~~~~
WEIGHTS [[0. 0.]
 [0. 0.]]
WEIGHTS [[0.2651399  0.20916731]
 [0.05597259 0.        ]]
WEIGHTS [[0. 0.]
 [0. 0.]]
WEIGHTS [[0.31538833 0.20916731]
 [0.10622102 0.        ]]
WEIGHTS [[0. 0.]
 [0. 0.]]
WEIGHTS [[0.1621936  0.10622102]
 [0.05597259 0.        ]]
Time taken to run: 0.030045509338378906 seconds
Time taken to run: 0.04555225372314453 seconds
Time taken to run: 0.0467686653137207 seconds
~~~~~~~~~~~~~~~~~~~~~~~~~COMPARING~~~~~~~~~~~~~~~~~~~~~~~~~~~~~
WEIGHTS [[0. 0. 0.]
 [0. 0. 0.]
 [0. 0. 0.]]
WEIGHTS [[0.23081368 0.17774414 0.17774414]
 [0.05306954 0.         0.        ]
 [0.05306954 0.         0.        ]]
WEIGHTS [[0.23081368 0.21064105 0.17774414]
 [0.26223685 0.24206422 0.20916731]
 [0.05306954 0.03289691 0.        ]]
WEIGHTS [[0. 0. 0.]
 [0. 0. 0.]
 [0. 0. 0.]]
WEIGHTS [[0.29223638 0.17774414 0.17774414]
 [0.11449224 0.         0.        ]
 [0.11449224 0.         0.        ]]
WEIGHTS [[0.29223638 0.28572192 0.17774414]
 [0.32365955 0.31714508 0.20916731]
 [0.11449224 0.10797777 0.        ]]
WEIGHTS [[0. 0. 0.]
 [0. 0. 0.]
 [0. 0. 0.]]
WEIGHTS [[0.16756177 0.11449224 0.11449224]
 [0.05306954 0.         0.        ]
 [0.05306954 0.         0.        ]]
WEIGHTS [[0.16756177 0.14738914 0.11449224]
 [0.16104731 0.14087468 0.10797777]
 [0.05306954 0.03289691 0.        ]]
Time taken to run: 0.0194399356842041 seconds
Time taken to run: 0.012905359268188477 seconds
Time taken to run: 0.025882482528686523 seconds
~~~~~~~~~~~~~~~~~~~~~~~~~COMPARING~~~~~~~~~~~~~~~~~~~~~~~~~~~~~
WEIGHTS [[0. 0. 0. 0.]
 [0. 0. 0. 0.]
 [0. 0. 0. 0.]
 [0. 0. 0. 0.]]
WEIGHTS [[0.19200756 0.17586945 0.17586945 0.17586945]
 [0.0161381  0.         0.         0.        ]
 [0.0161381  0.         0.         0.        ]
 [0.0161381  0.         0.         0.        ]]
WEIGHTS [[0.19200756 0.22499498 0.17586945 0.17586945]
 [0.13676745 0.16975487 0.12062934 0.12062934]
 [0.0161381  0.04912553 0.         0.        ]
 [0.0161381  0.04912553 0.         0.        ]]
WEIGHTS [[0.19200756 0.22499498 0.20783531 0.17586945]
 [0.13676745 0.16975487 0.15259521 0.12062934]
 [0.20437393 0.23736135 0.22020169 0.18823583]
 [0.0161381  0.04912553 0.03196586 0.        ]]
WEIGHTS [[0. 0. 0. 0.]
 [0. 0. 0. 0.]
 [0. 0. 0. 0.]
 [0. 0. 0. 0.]]
WEIGHTS [[0.23106057 0.17586945 0.17586945 0.17586945]
 [0.05519112 0.         0.         0.        ]
 [0.05519112 0.         0.         0.        ]
 [0.05519112 0.         0.         0.        ]]
WEIGHTS [[0.23106057 0.27894385 0.17586945 0.17586945]
 [0.17582046 0.22370374 0.12062934 0.12062934]
 [0.05519112 0.1030744  0.         0.        ]
 [0.05519112 0.1030744  0.         0.        ]]
WEIGHTS [[0.23106057 0.27894385 0.26864597 0.17586945]
 [0.17582046 0.22370374 0.21340586 0.12062934]
 [0.24342694 0.29131022 0.28101234 0.18823583]
 [0.05519112 0.1030744  0.09277651 0.        ]]
WEIGHTS [[0. 0. 0. 0.]
 [0. 0. 0. 0.]
 [0. 0. 0. 0.]
 [0. 0. 0. 0.]]
WEIGHTS [[0.07132922 0.05519